item 68 inserted
item 119 inserted
item 305 inserted
item 100 inserted
item 343 inserted
item 188 inserted
item 286 inserted
item 462 inserted
item 18 inserted
item 284 inserted
item 371 inserted
item 66 inserted
item 490 inserted
item 367 inserted
item 413 inserted
item 157 inserted
item 197 inserted
item 323 inserted
item 220 inserted
item 192 inserted
item 493 inserted
item 235 inserted
item 406 inserted
item 11 inserted
item 67 inserted
item 69 inserted
item 5 inserted
item 431 inserted
item 401 inserted
item 280 inserted
item 225 inserted
item 315 inserted
item 234 inserted
item 479 inserted
item 408 inserted
item 405 inserted
item 205 inserted
item 161 inserted
item 113 inserted
item 470 inserted
item 353 inserted
item 29 inserted
item 337 inserted
item 426 inserted
item 345 inserted
item 126 inserted
item 279 inserted
item 10 inserted
item 327 inserted
item 103 inserted
item 276 inserted
item 47 inserted
item 199 inserted
item 382 inserted
item 2 inserted
item 230 inserted
item 226 inserted
item 142 inserted
item 238 inserted
item 38 inserted
item 374 inserted
item 317 inserted
item 488 inserted
item 487 inserted
item 96 inserted
item 287 inserted
item 497 inserted
item 185 inserted
item 95 inserted
item 386 inserted
item 303 inserted
item 458 inserted
item 271 inserted
item 60 inserted
item 459 inserted
item 218 inserted
item 290 inserted
item 102 inserted
item 26 inserted
item 263 inserted
item 98 inserted
item 12 inserted
item 131 inserted
item 1 inserted
item 372 inserted
item 304 inserted
item 216 inserted
item 46 inserted
item 77 inserted
item 464 inserted
item 52 inserted
item 388 inserted
item 129 inserted
item 51 inserted
item 153 inserted
item 291 inserted
item 427 inserted
item 165 inserted
item 500 inserted
item 130 inserted
item 453 inserted
item 84 inserted
item 33 inserted
item 227 inserted
item 140 inserted
item 475 inserted
item 261 inserted
item 455 inserted
item 395 inserted
item 70 inserted
item 417 inserted
item 133 inserted
item 19 inserted
item 283 inserted
item 410 inserted
item 80 inserted
item 256 inserted
item 36 inserted
item 445 inserted
item 409 inserted
item 7 inserted
item 460 inserted
item 308 inserted
item 404 inserted
item 435 inserted
item 78 inserted
item 246 inserted
item 320 inserted
item 316 inserted
item 190 inserted
item 265 inserted
item 425 inserted
item 347 inserted
item 456 inserted
item 299 inserted
item 57 inserted
item 269 inserted
item 407 inserted
item 448 inserted
item 61 inserted
item 485 inserted
item 301 inserted
item 294 inserted
item 331 inserted
item 93 inserted
item 461 inserted
item 423 inserted
item 198 inserted
item 76 inserted
item 451 inserted
item 58 inserted
item 438 inserted
item 127 inserted
item 267 inserted
item 255 inserted
item 53 inserted
item 393 inserted
item 244 inserted
item 202 inserted
item 71 inserted
item 288 inserted
item 399 inserted
item 221 inserted
item 156 inserted
item 419 inserted
item 172 inserted
item 254 inserted
item 64 inserted
item 183 inserted
item 187 inserted
item 273 inserted
item 440 inserted
item 259 inserted
item 75 inserted
item 375 inserted
item 206 inserted
item 268 inserted
item 340 inserted
item 3 inserted
item 56 inserted
item 160 inserted
item 452 inserted
item 213 inserted
item 397 inserted
item 429 inserted
item 252 inserted
item 446 inserted
item 195 inserted
item 141 inserted
item 87 inserted
item 262 inserted
item 447 inserted
item 158 inserted
item 293 inserted
item 424 inserted
item 364 inserted
item 296 inserted
item 495 inserted
item 467 inserted
item 368 inserted
item 326 inserted
item 471 inserted
item 196 inserted
item 361 inserted
item 30 inserted
item 282 inserted
item 348 inserted
item 134 inserted
item 209 inserted
item 155 inserted
item 366 inserted
item 370 inserted
item 387 inserted
item 174 inserted
item 359 inserted
item 177 inserted
item 422 inserted
item 111 inserted
item 37 inserted
item 43 inserted
item 482 inserted
item 50 inserted
item 373 inserted
item 116 inserted
item 344 inserted
item 194 inserted
item 97 inserted
item 463 inserted
item 302 inserted
item 277 inserted
item 101 inserted
item 415 inserted
item 365 inserted
item 81 inserted
item 329 inserted
item 492 inserted
item 232 inserted
item 106 inserted
item 34 inserted
item 162 inserted
item 6 inserted
item 167 inserted
item 94 inserted
item 181 inserted
item 169 inserted
item 166 inserted
item 292 inserted
item 272 inserted
item 189 inserted
item 314 inserted
item 48 inserted
item 421 inserted
item 416 inserted
item 384 inserted
item 124 inserted
item 241 inserted
item 358 inserted
item 258 inserted
item 391 inserted
item 402 inserted
item 247 inserted
item 275 inserted
item 281 inserted
item 377 inserted
item 439 inserted
item 121 inserted
item 454 inserted
item 253 inserted
item 222 inserted
item 428 inserted
item 15 inserted
item 338 inserted
item 341 inserted
item 466 inserted
item 88 inserted
item 4 inserted
item 350 inserted
item 322 inserted
item 55 inserted
item 392 inserted
item 369 inserted
item 306 inserted
item 313 inserted
item 274 inserted
item 420 inserted
item 243 inserted
item 207 inserted
item 229 inserted
item 99 inserted
item 40 inserted
item 328 inserted
item 324 inserted
item 360 inserted
item 468 inserted
item 383 inserted
item 154 inserted
item 311 inserted
item 332 inserted
item 411 inserted
item 170 inserted
item 136 inserted
item 54 inserted
item 240 inserted
item 298 inserted
item 219 inserted
item 285 inserted
item 325 inserted
item 186 inserted
item 118 inserted
item 442 inserted
item 472 inserted
item 245 inserted
item 135 inserted
item 418 inserted
item 289 inserted
item 145 inserted
item 436 inserted
item 444 inserted
item 74 inserted
item 178 inserted
item 120 inserted
item 104 inserted
item 381 inserted
item 278 inserted
item 496 inserted
item 137 inserted
item 16 inserted
item 214 inserted
item 41 inserted
item 310 inserted
item 110 inserted
item 477 inserted
item 144 inserted
item 233 inserted
item 250 inserted
item 109 inserted
item 180 inserted
item 449 inserted
item 295 inserted
item 379 inserted
item 105 inserted
item 385 inserted
item 465 inserted
item 139 inserted
item 122 inserted
item 362 inserted
item 20 inserted
item 128 inserted
item 159 inserted
item 297 inserted
item 486 inserted
item 31 inserted
item 151 inserted
item 45 inserted
item 191 inserted
item 223 inserted
item 430 inserted
item 123 inserted
item 380 inserted
item 450 inserted
item 164 inserted
item 266 inserted
item 115 inserted
item 112 inserted
item 85 inserted
item 334 inserted
item 215 inserted
item 260 inserted
item 9 inserted
item 149 inserted
item 318 inserted
item 35 inserted
item 494 inserted
item 22 inserted
item 79 inserted
item 249 inserted
item 339 inserted
item 491 inserted
item 499 inserted
item 257 inserted
item 336 inserted
item 148 inserted
item 28 inserted
item 193 inserted
item 363 inserted
item 228 inserted
item 342 inserted
item 82 inserted
item 92 inserted
item 432 inserted
item 354 inserted
item 182 inserted
item 483 inserted
item 333 inserted
item 469 inserted
item 107 inserted
item 27 inserted
item 312 inserted
item 49 inserted
item 90 inserted
item 212 inserted
item 132 inserted
item 437 inserted
item 25 inserted
item 478 inserted
item 171 inserted
item 389 inserted
item 39 inserted
item 443 inserted
item 210 inserted
item 335 inserted
item 321 inserted
item 117 inserted
item 498 inserted
item 433 inserted
item 441 inserted
item 62 inserted
item 147 inserted
item 200 inserted
item 59 inserted
item 376 inserted
item 236 inserted
item 23 inserted
item 242 inserted
item 403 inserted
item 73 inserted
item 168 inserted
item 83 inserted
item 398 inserted
item 176 inserted
item 346 inserted
item 8 inserted
item 481 inserted
item 412 inserted
item 251 inserted
item 173 inserted
item 351 inserted
item 217 inserted
item 24 inserted
item 146 inserted
item 114 inserted
item 355 inserted
item 211 inserted
item 89 inserted
item 17 inserted
item 163 inserted
item 434 inserted
item 175 inserted
item 330 inserted
item 394 inserted
item 14 inserted
item 201 inserted
item 378 inserted
item 352 inserted
item 13 inserted
item 42 inserted
item 125 inserted
item 309 inserted
item 44 inserted
item 457 inserted
item 152 inserted
item 474 inserted
item 143 inserted
item 476 inserted
item 21 inserted
item 150 inserted
item 349 inserted
item 264 inserted
item 179 inserted
item 248 inserted
item 414 inserted
item 396 inserted
item 108 inserted
item 208 inserted
item 65 inserted
item 300 inserted
item 63 inserted
item 480 inserted
item 357 inserted
item 204 inserted
item 270 inserted
item 32 inserted
item 91 inserted
item 203 inserted
item 138 inserted
item 473 inserted
item 319 inserted
item 307 inserted
item 239 inserted
item 224 inserted
item 231 inserted
item 356 inserted
item 400 inserted
item 86 inserted
item 484 inserted
item 184 inserted
item 390 inserted
item 72 inserted
item 489 inserted
item 237 inserted
item 217 found
item 64 found
item 175 found
item 47 found
item 215 found
item 204 found
item 69 deleted
item 426 deleted
item 196 found
item 187 found
item 55 deleted
item 382 deleted
item 363 found
item 163 found
item 98 deleted
item 464 deleted
item 422 deleted
item 409 deleted
item 109 found
item 12 deleted
item 240 deleted
item 282 found
item 252 found
item 216 found
item 291 deleted
item 249 found
item 485 found
item 193 found
item 115 found
item 238 found
item 419 found
item 272 deleted
item 108 found
item 441 deleted
item 438 found
item 309 deleted
item 489 deleted
item 48 deleted
item 38 deleted
item 191 found
item 365 found
item 494 found
item 280 deleted
item 99 found
item 326 deleted
item 442 found
item 371 found
item 33 deleted
item 341 found
item 361 deleted
item 376 deleted
item 375 deleted
item 139 found
item 311 found
item 211 deleted
item 455 deleted
item 149 found
item 70 found
item 362 deleted
item 397 found
item 328 found
item 476 found
item 88 deleted
item 346 found
item 474 deleted
item 294 deleted
item 220 found
item 237 found
item 161 deleted
item 448 deleted
item 293 found
item 395 deleted
item 78 found
item 233 found
item 131 deleted
item 310 deleted
item 27 found
item 401 found
item 482 deleted
item 178 deleted
item 180 found
item 437 deleted
item 473 deleted
item 461 found
item 241 deleted
item 418 found
item 297 deleted
item 320 deleted
item 52 not deleted ; not present
item 415 found
item 87 not found
item 116 deleted
item 368 deleted
item 15 found
item 155 found
item 169 deleted
item 330 deleted
item 408 found
item 105 deleted
item 244 deleted
item 235 found
item 75 deleted
item 236 found
item 84 not deleted ; not present
item 67 deleted
item 283 found
item 6 not deleted ; not present
item 372 found
item 383 deleted
item 421 deleted
item 404 found
item 261 found
item 174 not deleted ; not present
item 221 deleted
item 335 deleted
item 500 deleted
item 136 found
item 16 deleted
item 123 deleted
item 85 not found
item 275 found
item 243 found
item 110 found
item 29 found
item 338 found
item 62 found
item 104 not deleted ; not present
item 453 found
item 344 deleted
item 279 found
item 227 found
item 259 deleted
item 207 found
item 66 deleted
item 42 found
item 459 found
item 17 deleted
item 111 deleted
item 133 found
item 127 deleted
item 177 not deleted ; not present
item 129 deleted
item 431 found
item 95 found
item 157 deleted
item 1 not found
item 82 found
item 194 deleted
item 322 deleted
item 212 found
item 132 found
item 465 deleted
item 100 deleted
item 266 found
item 120 found
item 288 deleted
item 348 deleted
item 203 found
item 436 deleted
item 147 found
item 119 found
item 394 deleted
item 255 deleted
item 277 deleted
item 429 deleted
item 214 found
item 456 found
item 392 deleted
item 443 found
item 472 found
item 387 found
item 222 found
item 231 found
item 159 deleted
item 302 deleted
item 463 deleted
item 134 deleted
item 201 found
item 24 deleted
item 73 deleted
item 352 deleted
item 172 found
item 491 deleted
item 101 deleted
item 125 found
item 417 found
item 45 deleted
item 378 found
item 182 deleted
item 208 found
item 150 deleted
item 197 found
item 299 found
item 300 found
item 360 not deleted ; not present
item 145 found
item 205 found
item 124 found
item 347 found
item 158 found
item 451 found
item 46 deleted
item 76 found
item 36 found
item 183 found
item 268 found
item 391 deleted
item 269 deleted
item 499 deleted
item 303 deleted
item 356 found
item 137 deleted
item 439 deleted
item 229 deleted
item 469 deleted
item 256 found
item 112 deleted
item 96 not found
item 162 deleted
item 304 found
item 148 deleted
item 230 found
item 321 found
item 264 deleted
item 218 found
item 228 deleted
item 410 deleted
item 254 deleted
item 225 deleted
item 37 found
item 471 deleted
item 390 deleted
item 41 deleted
item 411 deleted
item 407 found
item 430 found
item 168 not deleted ; not present
item 497 deleted
item 7 not found
item 353 deleted
item 324 deleted
item 402 found
item 184 deleted
item 286 found
item 71 found
item 189 found
item 79 found
item 30 deleted
item 398 deleted
item 10 not deleted ; not present
item 32 deleted
item 14 not deleted ; not present
item 107 deleted
item 181 deleted
item 53 not deleted ; not present
item 199 deleted
item 323 found
item 374 deleted
item 97 not deleted ; not present
item 195 found
item 278 deleted
item 18 not deleted ; not present
item 86 not deleted ; not present
item 121 found
item 484 deleted
item 219 not deleted ; not present
item 81 deleted
item 167 found
item 381 found
item 343 found
item 366 deleted
item 34 found
item 317 found
item 114 found
item 388 found
item 122 deleted
item 460 deleted
item 468 deleted
item 389 found
item 160 found
item 432 found
item 318 deleted
item 481 found
item 21 not found
item 50 not deleted ; not present
item 90 not deleted ; not present
item 117 deleted
item 306 deleted
item 477 deleted
item 454 deleted
item 258 found
item 319 found
item 102 found
item 377 found
item 498 found
item 226 deleted
item 179 found
item 40 not deleted ; not present
item 307 deleted
item 19 not deleted ; not present
item 332 deleted
item 141 found
item 400 deleted
item 433 found
item 312 deleted
item 166 deleted
item 355 deleted
item 5 not deleted ; not present
item 164 found
item 267 not found
item 223 found
item 270 found
item 399 found
item 290 deleted
item 357 deleted
item 135 not found
item 327 found
item 253 found
item 176 not found
item 232 deleted
item 412 deleted
item 251 deleted
item 345 deleted
item 51 not found
item 367 found
item 292 found
item 43 deleted
item 140 deleted
item 423 deleted
item 171 deleted
item 370 deleted
item 406 found
item 39 not deleted ; not present
item 496 deleted
item 427 deleted
item 28 deleted
item 156 deleted
item 285 deleted
item 248 found
item 385 deleted
item 154 deleted
item 384 deleted
item 4 not found
item 480 found
item 457 deleted
item 93 not deleted ; not present
item 185 deleted
item 386 found
item 190 found
item 26 not found
item 265 found
item 200 deleted
item 246 found
item 2 not found
item 245 deleted
item 8 not deleted ; not present
item 74 found
item 349 found
item 479 deleted
item 403 deleted
item 142 found
item 271 found
item 239 found
item 351 deleted
item 54 not deleted ; not present
item 11 not found
item 308 found
item 452 found
item 144 not found
item 416 deleted
item 467 found
item 113 not deleted ; not present
item 470 deleted
item 493 deleted
item 446 deleted
item 447 found
item 20 not found
item 428 found
item 315 found
item 478 deleted
item 413 found
item 331 found
item 314 deleted
item 247 found
item 364 deleted
item 369 found
item 173 not found
item 92 not deleted ; not present
item 151 found
item 305 deleted
item 262 found
item 301 deleted
item 49 deleted
item 198 not found
item 354 deleted
item 274 deleted
item 350 found
item 77 found
item 143 not found
item 337 found
item 68 not deleted ; not present
item 31 found
item 379 found
item 313 found
item 359 not deleted ; not present
item 486 deleted
item 94 not found
item 209 deleted
item 80 not found
item 475 found
item 339 found
item 333 deleted
item 89 not found
item 165 not found
item 405 deleted
item 65 deleted
item 60 found
item 188 deleted
item 373 deleted
item 206 found
item 298 deleted
item 103 found
item 358 found
item 281 found
item 234 deleted
item 263 deleted
item 462 found
item 3 not deleted ; not present
item 444 deleted
item 466 found
item 210 not found
item 138 found
item 490 found
item 13 not found
item 287 found
item 340 deleted
item 170 found
item 273 found
item 420 found
item 276 found
item 435 deleted
item 91 not deleted ; not present
item 440 deleted
item 316 found
item 153 not deleted ; not present
item 192 found
item 56 found
item 445 found
item 250 found
item 434 found
item 449 found
item 61 deleted
item 458 found
item 58 found
item 425 deleted
item 424 found
item 44 deleted
item 380 found
item 25 not found
item 495 found
item 118 found
item 487 deleted
item 325 deleted
item 334 deleted
item 296 found
item 59 found
item 257 found
item 224 deleted
item 393 found
item 202 deleted
item 126 deleted
item 342 found
item 483 found
item 336 found
item 152 found
item 35 not deleted ; not present
item 295 found
item 396 deleted
item 329 deleted
item 242 deleted
item 284 deleted
item 9 not deleted ; not present
item 146 not found
item 72 deleted
item 492 deleted
item 186 not found
item 213 deleted
item 488 deleted
item 23 not found
item 450 found
item 130 not deleted ; not present
item 22 not found
item 83 not found
item 260 found
item 128 deleted
item 414 found
item 106 not deleted ; not present
item 57 found
item 63 deleted
item 289 not deleted ; not present
62
59, 288
57, 60, 118, 395
31, 58, 103, 127, 295, 414
45, 101, 125, 284, 291, 328, 402, 450
33, 56, 79, 102, 123, 129, 287, 292, 322, 335, 397, 413, 420, 488
76, 124, 260, 285, 294, 296, 327, 334, 336, 398, 404, 415, 424, 485, 492
73, 77, 132, 271, 286, 293, 316, 326, 330, 393, 399, 406, 417, 423, 449, 458, 491, 495
74, 78, 240, 263, 281, 297, 319, 331, 342, 394, 401, 412, 419, 421, 434, 451, 483, 489, 493, 496
213, 258, 261, 264, 276, 283, 298, 317, 320, 339, 380, 407, 418, 422, 433, 445, 456, 467, 490, 494, 498
149, 239, 247, 259, 262, 265, 273, 277, 282, 315, 318, 321, 337, 341, 354, 381, 411, 428, 439, 447, 452, 460, 475, 497, 499
133, 189, 223, 243, 257, 270, 272, 274, 280, 306, 338, 343, 358, 388, 408, 427, 429, 436, 443, 448, 453, 459, 462, 468, 481, 500
142, 152, 212, 222, 228, 246, 250, 266, 275, 279, 299, 313, 350, 357, 379, 384, 392, 410, 426, 432, 437, 442, 454, 461, 466, 474, 477
138, 151, 183, 192, 214, 225, 238, 244, 248, 251, 300, 308, 345, 352, 355, 373, 386, 389, 409, 430, 438, 441, 455, 463, 473, 476, 480
140, 155, 190, 201, 218, 227, 236, 249, 253, 304, 311, 344, 349, 356, 370, 378, 385, 387, 431, 464, 472
139, 141, 170, 191, 195, 205, 215, 235, 237, 252, 256, 302, 309, 348, 369, 371, 377
167, 171, 197, 203, 208, 216, 254, 303, 310, 346, 363, 372, 374
164, 172, 196, 204, 206, 217, 255, 347, 366, 375
156, 179, 207, 365, 367, 376
160, 181, 368
159, 161, 180, 182
158, 163

